S1_2I.R - 1000 REPS - WITH TREATMENT ORDER REVERSED
SHOULD AGREE WITH UNREVERSED RESULTS
> # Ian's addition to view output
> Nobs
[1] 1000

> Nreps
[1] 1000

> # patterns
> patternV
[[1]]
[1] 1 3 6 8 9

[[2]]
[1]  4  5  6  7  8  9 10

[[3]]
[1]  1  2  7  9 10

[[4]]
[1]  1  3  5  6  8  9 10

[[5]]
[1]  4  5  7  8  9 10

[[6]]
[1] 1 2 3 4 5 6 7 8 9

[[7]]
 [1]  1  2  3  4  5  6  7  8  9 10

[[8]]
[1] 1 2 3 4 5 6 7 8


> # pattern prevalences
> lambda
[1] 0.2 0.2 0.1 0.1 0.1 0.1 0.1 0.1

> # treatment effects
> phi_1.2
 [1]  0.53899650  0.43078292  0.31709596  0.19671029  0.06805346 -0.07095174 -0.22314355 -0.39256170 -0.58525822 -0.81093022

> # p(y|row=pattern, col=treatment) 
> res_rate_mat
           [,1]       [,2]       [,3]       [,4]       [,5]      [,6]       [,7]       [,8]       [,9]      [,10]
[1,] 0.30000000 0.27777778 0.25555556 0.23333333 0.21111111 0.1888889 0.16666667 0.14444444 0.12222222 0.10000000
[2,] 0.08275862 0.07490637 0.06739927 0.06021505 0.05333333 0.0467354 0.04040404 0.03432343 0.02847896 0.02285714
[3,] 0.20186916 0.18499486 0.16846389 0.15226586 0.13639083 0.1208292 0.10557185 0.09060987 0.07593480 0.06153846
[4,] 0.40677966 0.38095238 0.35452794 0.32748538 0.29980276 0.2714571 0.24242424 0.21267894 0.18219462 0.15094340
[5,] 0.49554656 0.46853468 0.44035664 0.41093525 0.38018637 0.3480181 0.31432974 0.27901105 0.24194070 0.20298507
[6,] 0.57674419 0.55013310 0.52186642 0.49178470 0.45970732 0.4254289 0.38871473 0.34929577 0.30686164 0.26105263
[7,] 0.65130112 0.62634063 0.59937528 0.57015342 0.53837943 0.5037037 0.46570973 0.42389726 0.37766020 0.32625698
[8,] 0.72000000 0.69767442 0.67317073 0.64615385 0.61621622 0.5828571 0.54545455 0.50322581 0.45517241 0.40000000

> # overall PMs
> scenario_out$estimand2 
          mortality_gain better_treatment_I best_treatment_I nearbest_treatment_5 nearbest_treatment_10
method_A     -0.05262114             0.8441           0.3781               0.7415                0.8661
method_B1    -0.06279004             0.9218           0.4771               0.8079                0.9130
method_B2    -0.07470154             0.9729           0.5934               0.8806                0.9623
method_B3    -0.07836265             0.9863           0.6504               0.9057                0.9762
method_C     -0.07851628             0.9860           0.6526               0.9078                0.9759
method_D     -0.07764189             0.9824           0.6416               0.9012                0.9733

> scenario_out$estimand2_MCSE
              Mortaliy better_treatment_I best_treatment_I nearbest_treatment_5 nearbest_treatment_10
method_A  0.0005320536        0.011471495       0.01533429          0.013844773           0.010768973
method_B1 0.0005703196        0.008490274       0.01579480          0.012457832           0.008912407
method_B2 0.0004816730        0.005134743       0.01553308          0.010253957           0.006023181
method_B3 0.0004494356        0.003675909       0.01507912          0.009241618           0.004820120
method_C  0.0004695604        0.003715373       0.01505700          0.009148725           0.004849659
method_D  0.0004813260        0.004158153       0.01516408          0.009436025           0.005097755

> # Better treatment by pattern
> scenario_out$ex_performance_out$better_treatment_I
           [,1]  [,2]  [,3]  [,4]  [,5]  [,6]  [,7]  [,8]
method_A  0.979 0.709 0.948 0.800 0.851 0.781 0.859 0.826
method_B1 0.996 0.880 0.988 0.901 0.919 0.869 0.859 0.930
method_B2 0.999 0.970 1.000 0.963 0.947 0.947 0.982 0.952
method_B3 0.999 0.989 0.997 0.984 0.958 0.977 0.997 0.974
method_C  0.999 0.989 1.000 0.987 0.948 0.975 0.997 0.977
method_D  1.000 0.985 0.999 0.986 0.953 0.966 0.993 0.957

> round(sqrt(scenario_out$ex_performance_out$better_treatment_I*(1-scenario_out$ex_performance_out$better_treatment_I)/Nreps),4)
            [,1]   [,2]   [,3]   [,4]   [,5]   [,6]   [,7]   [,8]
method_A  0.0045 0.0144 0.0070 0.0126 0.0113 0.0131 0.0110 0.0120
method_B1 0.0020 0.0103 0.0034 0.0094 0.0086 0.0107 0.0110 0.0081
method_B2 0.0010 0.0054 0.0000 0.0060 0.0071 0.0071 0.0042 0.0068
method_B3 0.0010 0.0033 0.0017 0.0040 0.0063 0.0047 0.0017 0.0050
method_C  0.0010 0.0033 0.0000 0.0036 0.0070 0.0049 0.0017 0.0047
method_D  0.0000 0.0038 0.0010 0.0037 0.0067 0.0057 0.0026 0.0064

> # Best treatment by pattern
> scenario_out$ex_performance_out$best_treatment_I
           [,1]  [,2]  [,3]  [,4]  [,5]  [,6]  [,7]  [,8]
method_A  0.538 0.238 0.449 0.383 0.419 0.302 0.336 0.340
method_B1 0.634 0.400 0.556 0.472 0.512 0.367 0.336 0.460
method_B2 0.645 0.576 0.640 0.629 0.583 0.531 0.608 0.501
method_B3 0.676 0.656 0.679 0.677 0.654 0.599 0.657 0.574
method_C  0.676 0.657 0.685 0.681 0.660 0.597 0.657 0.580
method_D  0.678 0.645 0.680 0.662 0.646 0.589 0.645 0.548

> round(sqrt(scenario_out$ex_performance_out$best_treatment_I*(1-scenario_out$ex_performance_out$best_treatment_I)/Nreps),4)
            [,1]   [,2]   [,3]   [,4]   [,5]   [,6]   [,7]   [,8]
method_A  0.0158 0.0135 0.0157 0.0154 0.0156 0.0145 0.0149 0.0150
method_B1 0.0152 0.0155 0.0157 0.0158 0.0158 0.0152 0.0149 0.0158
method_B2 0.0151 0.0156 0.0152 0.0153 0.0156 0.0158 0.0154 0.0158
method_B3 0.0148 0.0150 0.0148 0.0148 0.0150 0.0155 0.0150 0.0156
method_C  0.0148 0.0150 0.0147 0.0147 0.0150 0.0155 0.0150 0.0156
method_D  0.0148 0.0151 0.0148 0.0150 0.0151 0.0156 0.0151 0.0157	

